.next/types/app/api/auth/[...nextauth]/route.ts(12,13): error TS2344: Type 'OmitWithTag<typeof import("D:/zdqidongxiangmu/app/api/auth/[...nextauth]/route"), "POST" | "config" | "GET" | "HEAD" | "OPTIONS" | "PUT" | "DELETE" | "PATCH" | "generateStaticParams" | "revalidate" | ... 5 more ... | "maxDuration", "">' does not satisfy the constraint '{ [x: string]: never; }'.
  Property 'authOptions' is incompatible with index signature.
    Type 'AuthOptions' is not assignable to type 'never'.
components/chat/chat-error-boundary.tsx(137,19): error TS2345: Argument of type 'Error' is not assignable to parameter of type 'ErrorEvent'.
  Type 'Error' is missing the following properties from type 'ErrorEvent': colno, error, filename, lineno, and 22 more.
components/chat/chat-error-boundary.tsx(141,19): error TS2345: Argument of type 'Error' is not assignable to parameter of type 'ErrorEvent'.
  Type 'Error' is missing the following properties from type 'ErrorEvent': colno, error, filename, lineno, and 22 more.
components/chat/chat-input.tsx(172,34): error TS2345: Argument of type '() => (HTMLTextAreaElement & { adjustHeight: (reset?: boolean) => void; }) | null' is not assignable to parameter of type '() => HTMLTextAreaElement'.
  Type '(HTMLTextAreaElement & { adjustHeight: (reset?: boolean | undefined) => void; }) | null' is not assignable to type 'HTMLTextAreaElement'.
    Type 'null' is not assignable to type 'HTMLTextAreaElement'.
components/chat/smart-chat-center-v2-fixed.tsx(87,5): error TS2322: Type '() => void' is not assignable to type '(model?: string | undefined) => Promise<Conversation | null>'.
  Type 'void' is not assignable to type 'Promise<Conversation | null>'.
components/chat/smart-chat-center-v2-fixed.tsx(180,29): error TS2349: This expression is not callable.
  Type '{}' has no call signatures.
components/performance/performance-monitor.tsx(27,61): error TS2551: Property 'navigationStart' does not exist on type 'PerformanceNavigationTiming'. Did you mean 'activationStart'?
components/performance/performance-monitor.tsx(28,75): error TS2551: Property 'navigationStart' does not exist on type 'PerformanceNavigationTiming'. Did you mean 'activationStart'?
components/ui/chart.tsx(262,39): error TS2344: Type '"payload" | "verticalAlign"' does not satisfy the constraint '"string" | "id" | "style" | "clipPath" | "filter" | "mask" | "path" | "fill" | "values" | "children" | "className" | "key" | "suppressHydrationWarning" | "lang" | "tabIndex" | ... 431 more ... | "onBBoxUpdate"'.
  Type '"payload"' is not assignable to type '"string" | "id" | "style" | "clipPath" | "filter" | "mask" | "path" | "fill" | "values" | "children" | "className" | "key" | "suppressHydrationWarning" | "lang" | "tabIndex" | ... 431 more ... | "onBBoxUpdate"'.
components/ui/connection-status.tsx(73,29): error TS2554: Expected 1 arguments, but got 0.
components/ui/sidebar.tsx(8,10): error TS2724: '"@/hooks/use-mobile"' has no exported member named 'useIsMobile'. Did you mean 'useMobile'?
hooks/use-connection-monitor.ts(79,23): error TS2554: Expected 1 arguments, but got 0.
hooks/use-connection-monitor.ts(80,30): error TS2554: Expected 1 arguments, but got 0.
hooks/use-network-status.ts(51,23): error TS2554: Expected 1 arguments, but got 0.
hooks/use-network-status.ts(52,31): error TS2554: Expected 1 arguments, but got 0.
hooks/use-page-visibility.ts(62,30): error TS2554: Expected 1 arguments, but got 0.
hooks/use-page-visibility.ts(250,23): error TS2554: Expected 1 arguments, but got 0.
lib/mcp/client-manager.ts(143,11): error TS2353: Object literal may only specify known properties, and 'timeout' does not exist in type 'ZodType<object, ZodTypeDef, object>'.
lib/mcp/client-manager.ts(204,16): error TS2353: Object literal may only specify known properties, and 'timeout' does not exist in type 'ZodType<object, ZodTypeDef, object>'.
lib/mcp/client-manager.ts(285,15): error TS2353: Object literal may only specify known properties, and 'timeout' does not exist in type 'ZodType<object, ZodTypeDef, object>'.
lib/providers/query-provider.tsx(45,11): error TS2322: Type '"bottom-right"' is not assignable to type 'DevtoolsPosition | undefined'.
lib/security/rate-limiter.ts(220,34): error TS2345: Argument of type '[NextRequest, ...any[]]' is not assignable to parameter of type 'T'.
  '[NextRequest, ...any[]]' is assignable to the constraint of type 'T', but 'T' could be instantiated with a different subtype of constraint 'any[]'.
scripts/db-integrity-check.ts(279,11): error TS2322: Type 'null' is not assignable to type '(Without<ConversationScalarRelationFilter, ConversationWhereInput> & ConversationWhereInput) | (Without<...> & ConversationScalarRelationFilter) | undefined'.
scripts/db-integrity-check.ts(286,11): error TS2322: Type 'null' is not assignable to type '(Without<UserScalarRelationFilter, UserWhereInput> & UserWhereInput) | (Without<UserWhereInput, UserScalarRelationFilter> & UserScalarRelationFilter) | undefined'.
scripts/db-integrity-check.ts(293,11): error TS2322: Type 'null' is not assignable to type '(Without<UserScalarRelationFilter, UserWhereInput> & UserWhereInput) | (Without<UserWhereInput, UserScalarRelationFilter> & UserScalarRelationFilter) | undefined'.
scripts/db-integrity-check.ts(423,9): error TS2362: The left-hand side of an arithmetic operation must be of type 'any', 'number', 'bigint' or an enum type.
scripts/db-integrity-check.ts(423,9): error TS2345: Argument of type 'number' is not assignable to parameter of type 'string'.
scripts/diagnose-usage-stats.ts(69,13): error TS2322: Type 'null' is not assignable to type 'number | IntFilter<"Message"> | undefined'.
scripts/import-local-folder.ts(69,64): error TS2551: Property 'files' does not exist on type '{ file: FileInfo; categoryName?: string | undefined; estimatedRecords: number; }'. Did you mean 'file'?
scripts/import-local-folder.ts(71,35): error TS2551: Property 'files' does not exist on type '{ file: FileInfo; categoryName?: string | undefined; estimatedRecords: number; }'. Did you mean 'file'?
scripts/import-local-folder.ts(71,45): error TS7006: Parameter 'f' implicitly has an 'any' type.
scripts/import-merchant-data.ts(387,34): error TS2552: Cannot find name 'externalId'. Did you mean 'external'?
tests/api-model-validation.test.ts(238,7): error TS7053: Element implicitly has an 'any' type because expression of type '"response"' can't be used to index type '{ status: number; ok: boolean; model: string; apiKey: string; timestamp: string; }'.
  Property 'response' does not exist on type '{ status: number; ok: boolean; model: string; apiKey: string; timestamp: string; }'.
tests/api-model-validation.test.ts(241,7): error TS7053: Element implicitly has an 'any' type because expression of type '"error"' can't be used to index type '{ status: number; ok: boolean; model: string; apiKey: string; timestamp: string; }'.
  Property 'error' does not exist on type '{ status: number; ok: boolean; model: string; apiKey: string; timestamp: string; }'.
